<?xml version="1.0" encoding="UTF-8"?>
<!-- Generated by org.testng.reporters.JUnitXMLReporter -->
<testsuite ignored="0" hostname="DESKTOP-9LGLSBN" failures="3" tests="4" name="edgetest" time="59.254" errors="0" timestamp="2025-07-16T09:16:41 IST">
  <testcase classname="testCases.TC001_LoginDDT" name="verify_loginDDT" time="5.078"/>
  <testcase classname="testCases.TC001_LoginDDT" name="verify_loginDDT" time="10.141">
    <failure type="java.lang.AssertionError" message="null">
      <![CDATA[java.lang.AssertionError: null
at testCases.TC001_LoginDDT.verify_loginDDT(TC001_LoginDDT.java:60)
at java.base/java.util.ArrayList.forEach(ArrayList.java:1597)
... Removed 27 stack frames]]>
    </failure>
  </testcase> <!-- verify_loginDDT -->
  <testcase classname="testCases.TC001_LoginDDT" name="verify_loginDDT" time="10.081">
    <failure type="java.lang.AssertionError" message="null">
      <![CDATA[java.lang.AssertionError: null
at testCases.TC001_LoginDDT.verify_loginDDT(TC001_LoginDDT.java:60)
at java.base/java.util.ArrayList.forEach(ArrayList.java:1597)
... Removed 27 stack frames]]>
    </failure>
  </testcase> <!-- verify_loginDDT -->
  <testcase classname="testCases.TC001_LoginDDT" name="verify_loginDDT" time="10.047">
    <failure type="java.lang.AssertionError" message="null">
      <![CDATA[java.lang.AssertionError: null
at testCases.TC001_LoginDDT.verify_loginDDT(TC001_LoginDDT.java:60)
at java.base/java.util.ArrayList.forEach(ArrayList.java:1597)
... Removed 27 stack frames]]>
    </failure>
  </testcase> <!-- verify_loginDDT -->
</testsuite> <!-- edgetest -->
