<?xml version="1.0" encoding="UTF-8"?>
<!-- Generated by org.testng.reporters.JUnitXMLReporter -->
<testsuite ignored="0" hostname="DESKTOP-9LGLSBN" failures="0" tests="4" name="firefoxtest" time="47.081" errors="0" timestamp="2025-07-16T09:18:27 IST">
  <testcase classname="testCases.TC001_LoginDDT" name="verify_loginDDT" time="4.525"/>
  <testcase classname="testCases.TC001_LoginDDT" name="verify_loginDDT" time="5.432"/>
  <testcase classname="testCases.TC001_LoginDDT" name="verify_loginDDT" time="5.513"/>
  <testcase classname="testCases.TC001_LoginDDT" name="verify_loginDDT" time="5.368"/>
</testsuite> <!-- firefoxtest -->
