<?xml version="1.0" encoding="UTF-8"?>
<!-- Generated by org.testng.reporters.JUnitXMLReporter -->
<testsuite ignored="1" hostname="DESKTOP-9LGLSBN" failures="4" tests="4" name="Fubnctional Test" time="2.8" errors="0" timestamp="2025-07-12T14:07:03 IST">
  <testcase classname="testCases.TC001_LoginDDT" name="verify_loginDDT" time="0.115">
    <failure type="java.lang.AssertionError" message="null">
      <![CDATA[java.lang.AssertionError: null
at testCases.TC001_LoginDDT.verify_loginDDT(TC001_LoginDDT.java:80)
at java.base/java.util.ArrayList.forEach(ArrayList.java:1597)
... Removed 27 stack frames]]>
    </failure>
  </testcase> <!-- verify_loginDDT -->
  <testcase classname="testCases.TC001_LoginDDT" name="verify_loginDDT" time="0.015">
    <failure type="java.lang.AssertionError" message="null">
      <![CDATA[java.lang.AssertionError: null
at testCases.TC001_LoginDDT.verify_loginDDT(TC001_LoginDDT.java:80)
at java.base/java.util.ArrayList.forEach(ArrayList.java:1597)
... Removed 27 stack frames]]>
    </failure>
  </testcase> <!-- verify_loginDDT -->
  <testcase classname="testCases.TC001_LoginDDT" name="verify_loginDDT" time="0.006">
    <failure type="java.lang.AssertionError" message="null">
      <![CDATA[java.lang.AssertionError: null
at testCases.TC001_LoginDDT.verify_loginDDT(TC001_LoginDDT.java:80)
at java.base/java.util.ArrayList.forEach(ArrayList.java:1597)
... Removed 27 stack frames]]>
    </failure>
  </testcase> <!-- verify_loginDDT -->
  <testcase classname="testCases.TC001_LoginDDT" name="verify_loginDDT" time="0.004">
    <failure type="java.lang.AssertionError" message="null">
      <![CDATA[java.lang.AssertionError: null
at testCases.TC001_LoginDDT.verify_loginDDT(TC001_LoginDDT.java:80)
at java.base/java.util.ArrayList.forEach(ArrayList.java:1597)
... Removed 27 stack frames]]>
    </failure>
  </testcase> <!-- verify_loginDDT -->
  <testcase classname="testCases.TC001_LoginDDT" name="verify_logo" time="0.0">
    <ignored/>
  </testcase> <!-- verify_logo -->
</testsuite> <!-- Fubnctional Test -->
