<?xml version="1.0" encoding="UTF-8"?>
<!-- Generated by org.testng.reporters.JUnitXMLReporter -->
<testsuite ignored="0" hostname="DESKTOP-9LGLSBN" failures="3" tests="4" name="test" time="65.031" errors="0" timestamp="2025-07-11T14:28:02 IST">
  <testcase classname="testCases.TC001_LoginDDT" name="verify_loginDDT" time="6.53"/>
  <testcase classname="testCases.TC001_LoginDDT" name="verify_loginDDT" time="12.83">
    <failure type="java.lang.AssertionError" message="null">
      <![CDATA[java.lang.AssertionError: null
at testCases.TC001_LoginDDT.verify_loginDDT(TC001_LoginDDT.java:56)
at java.base/java.util.ArrayList.forEach(ArrayList.java:1597)
... Removed 27 stack frames]]>
    </failure>
  </testcase> <!-- verify_loginDDT -->
  <testcase classname="testCases.TC001_LoginDDT" name="verify_loginDDT" time="12.423">
    <failure type="java.lang.AssertionError" message="null">
      <![CDATA[java.lang.AssertionError: null
at testCases.TC001_LoginDDT.verify_loginDDT(TC001_LoginDDT.java:56)
at java.base/java.util.ArrayList.forEach(ArrayList.java:1597)
... Removed 27 stack frames]]>
    </failure>
  </testcase> <!-- verify_loginDDT -->
  <testcase classname="testCases.TC001_LoginDDT" name="verify_loginDDT" time="12.266">
    <failure type="java.lang.AssertionError" message="null">
      <![CDATA[java.lang.AssertionError: null
at testCases.TC001_LoginDDT.verify_loginDDT(TC001_LoginDDT.java:56)
at java.base/java.util.ArrayList.forEach(ArrayList.java:1597)
... Removed 27 stack frames]]>
    </failure>
  </testcase> <!-- verify_loginDDT -->
</testsuite> <!-- test -->
