<?xml version="1.0" encoding="UTF-8"?>
<testng-results ignored="0" total="1" passed="1" failed="0" skipped="0">
  <reporter-output>
  </reporter-output>
  <suite started-at="2025-07-19T17:23:35 IST" name="Suite" finished-at="2025-07-19T17:24:15 IST" duration-ms="40043">
    <groups>
      <group name="sanity">
        <method signature="SimpleDemo.verify_Logo()[pri:0, instance:testCases.SimpleDemo@3349e9bb]" name="verify_Logo" class="testCases.SimpleDemo"/>
      </group> <!-- sanity -->
    </groups>
    <test started-at="2025-07-19T17:23:35 IST" name="chrometest" finished-at="2025-07-19T17:24:15 IST" duration-ms="40043">
      <class name="testCases.SimpleDemo">
        <test-method is-config="true" signature="setup(java.lang.String)[pri:0, instance:testCases.SimpleDemo@3349e9bb]" started-at="2025-07-19T17:23:35 IST" name="setup" finished-at="2025-07-19T17:24:08 IST" duration-ms="33046" status="PASS">
          <params>
            <param index="0">
              <value>
                <![CDATA[chrome]]>
              </value>
            </param>
          </params>
          <reporter-output>
          </reporter-output>
        </test-method> <!-- setup -->
        <test-method signature="verify_Logo()[pri:0, instance:testCases.SimpleDemo@3349e9bb]" started-at="2025-07-19T17:24:08 IST" name="verify_Logo" finished-at="2025-07-19T17:24:14 IST" duration-ms="5675" status="PASS">
          <reporter-output>
          </reporter-output>
        </test-method> <!-- verify_Logo -->
        <test-method is-config="true" signature="tearDown()[pri:0, instance:testCases.SimpleDemo@3349e9bb]" started-at="2025-07-19T17:24:14 IST" name="tearDown" finished-at="2025-07-19T17:24:15 IST" duration-ms="489" status="PASS">
          <reporter-output>
          </reporter-output>
        </test-method> <!-- tearDown -->
      </class> <!-- testCases.SimpleDemo -->
    </test> <!-- chrometest -->
  </suite> <!-- Suite -->
</testng-results>
